-- Catapult Ultra Synthesis: Report                                              
-- ------------------------- ---------------------------------------------------
-- Version:                  10.5a/871028 Production Release                     
-- Build Date:               Tue Apr 14 07:55:32 PDT 2020                        
                                                                                 
-- Generated by:             user2@edatools.ee.duth.gr                           
-- Generated date:           Wed Jul 14 10:51:40 EEST 2021                       

Solution Settings: Hough_Algorithm_HW<1296,864>.v38
  Current state: schedule
  Project: Catapult
  
  Design Input Files Specified
    $PROJECT_HOME/hough/Hough_tb.cpp
      $PROJECT_HOME/include/HoughHW.h
        $MGC_HOME/shared/include/ac_fixed.h
          $MGC_HOME/shared/include/ac_int.h
        $MGC_HOME/shared/include/ac_channel.h
        $MGC_HOME/shared/include/ac_math/ac_sincos_cordic.h
        $MGC_HOME/shared/include/ac_math/ac_div.h
          $MGC_HOME/shared/include/ac_float.h
          $MGC_HOME/shared/include/ac_complex.h
          $MGC_HOME/shared/include/ac_math/ac_shift.h
        $MGC_HOME/shared/include/mc_scverify.h
      $PROJECT_HOME/include/bmp_io.hpp
  
  Processes/Blocks in Design
    Process                                           Real Operation(s) count   Latency Throughput Reset Length II Comments 
    ------------------------------------------------- ----------------------- --------- ---------- ------------ -- --------
    /Hough_Algorithm_HW<1296,864>/houghTransform/core                     234 212443237  212443239            1  0        ? 
    /Hough_Algorithm_HW<1296,864>/getMaxLine/core                        2535  61666952   61672894            0  0          
    Design Total:                                                        2769 274110189  212443239            1  0          
    
  Clock Information
    Clock Signal Edge   Period Sharing Alloc (%) Uncertainty Used by Processes/Blocks                                                                        
    ------------ ------ ------ ----------------- ----------- -----------------------------------------------------------------------------------------------
    clk          rising  1.000             20.00    0.000000 /Hough_Algorithm_HW<1296,864>/houghTransform/core /Hough_Algorithm_HW<1296,864>/getMaxLine/core 
    
  I/O Data Ranges
    Port                   Mode DeclType DeclWidth DeclRange ActType ActWidth ActRange 
    ---------------------- ---- -------- --------- --------- ------- -------- --------
    clk                    IN   Unsigned         1                                     
    rst                    IN   Unsigned         1                                     
    data_in:rsc.dat        IN   Unsigned         8                                     
    data_in:rsc.vld        IN   Unsigned         1                                     
    widthIn:rsc.dat        IN   Unsigned        11                                     
    heightIn:rsc.dat       IN   Unsigned        10                                     
    x1:rsc.rdy             IN   Unsigned         1                                     
    y1:rsc.rdy             IN   Unsigned         1                                     
    x2:rsc.rdy             IN   Unsigned         1                                     
    y2:rsc.rdy             IN   Unsigned         1                                     
    data_in:rsc.rdy        OUT  Unsigned         1                                     
    widthIn:rsc.triosy:lz  OUT  Unsigned         1                                     
    heightIn:rsc.triosy:lz OUT  Unsigned         1                                     
    x1:rsc.dat             OUT  Unsigned        11                                     
    x1:rsc.vld             OUT  Unsigned         1                                     
    y1:rsc.dat             OUT  Unsigned        10                                     
    y1:rsc.vld             OUT  Unsigned         1                                     
    x2:rsc.dat             OUT  Unsigned        11                                     
    x2:rsc.vld             OUT  Unsigned         1                                     
    y2:rsc.dat             OUT  Unsigned        10                                     
    y2:rsc.vld             OUT  Unsigned         1                                     
    
  Memory Resources
    Resource Name: /Hough_Algorithm_HW<1296,864>/houghTransform/core/acc_tmp:rsc
      Memory Component: RAM_dualRW                   Size:         400000 x 16
      External:         false                        Packing Mode: absolute
      Memory Map:
      Variable                                                  Indices Phys Memory Address          
      --------------------------------------------------------- ------- ----------------------------
      /Hough_Algorithm_HW<1296,864>/houghTransform/core/acc_tmp    0:15 00061a7f-00000000 (399999-0) 
      
    Resource Name: /Hough_Algorithm_HW<1296,864>/houghTransform/core/cos_out:rsc
      Memory Component: RAM_dualRW                   Size:         180 x 27
      External:         false                        Packing Mode: absolute
      Memory Map:
      Variable                                                  Indices Phys Memory Address       
      --------------------------------------------------------- ------- -------------------------
      /Hough_Algorithm_HW<1296,864>/houghTransform/core/cos_out    0:26 000000b3-00000000 (179-0) 
      
    Resource Name: /Hough_Algorithm_HW<1296,864>/houghTransform/core/sin_out:rsc
      Memory Component: RAM_dualRW                   Size:         180 x 27
      External:         false                        Packing Mode: absolute
      Memory Map:
      Variable                                                  Indices Phys Memory Address       
      --------------------------------------------------------- ------- -------------------------
      /Hough_Algorithm_HW<1296,864>/houghTransform/core/sin_out    0:26 000000b3-00000000 (179-0) 
      
    Resource Name: /Hough_Algorithm_HW<1296,864>/houghTransform/data_in:rsc
      Memory Component: ccs_in_wait                  Size:         1 x 8
      External:         true                         Packing Mode: sidebyside
      Memory Map:
      Variable                                             Indices Phys Memory Address     
      ---------------------------------------------------- ------- -----------------------
      /Hough_Algorithm_HW<1296,864>/houghTransform/data_in     0:7 00000000-00000000 (0-0) 
      
    Resource Name: /Hough_Algorithm_HW<1296,864>/houghTransform/widthIn:rsc
      Memory Component: ccs_in                       Size:         1 x 11
      External:         true                         Packing Mode: sidebyside
      Memory Map:
      Variable                                             Indices Phys Memory Address     
      ---------------------------------------------------- ------- -----------------------
      /Hough_Algorithm_HW<1296,864>/houghTransform/widthIn    0:10 00000000-00000000 (0-0) 
      
    Resource Name: /Hough_Algorithm_HW<1296,864>/houghTransform/heightIn:rsc
      Memory Component: ccs_in                       Size:         1 x 10
      External:         true                         Packing Mode: sidebyside
      Memory Map:
      Variable                                              Indices Phys Memory Address     
      ----------------------------------------------------- ------- -----------------------
      /Hough_Algorithm_HW<1296,864>/houghTransform/heightIn     0:9 00000000-00000000 (0-0) 
      
    Resource Name: /Hough_Algorithm_HW<1296,864>/houghTransform/acc:rsc
      Memory Component: ccs_out_wait                 Size:         1 x 16
      External:         true                         Packing Mode: sidebyside
      Memory Map:
      Variable                                         Indices Phys Memory Address     
      ------------------------------------------------ ------- -----------------------
      /Hough_Algorithm_HW<1296,864>/houghTransform/acc    0:15 00000000-00000000 (0-0) 
      
    Resource Name: /Hough_Algorithm_HW<1296,864>/houghTransform/ac_math::atan_pi_pow2_table.rom:rsc
      Memory Component: mgc_rom                      Size:         70 x 32
      External:         false                        Packing Mode: absolute
      Memory Map:
      Variable                                                                     Indices Phys Memory Address      
      ---------------------------------------------------------------------------- ------- ------------------------
      /Hough_Algorithm_HW<1296,864>/houghTransform/ac_math::atan_pi_pow2_table.rom    0:31 00000045-00000000 (69-0) 
      
    Resource Name: /Hough_Algorithm_HW<1296,864>/getMaxLine/core/cos_out#1:rsc
      Memory Component: RAM_dualRW                   Size:         180 x 27
      External:         false                        Packing Mode: absolute
      Memory Map:
      Variable                                                Indices Phys Memory Address       
      ------------------------------------------------------- ------- -------------------------
      /Hough_Algorithm_HW<1296,864>/getMaxLine/core/cos_out#1    0:26 000000b3-00000000 (179-0) 
      
    Resource Name: /Hough_Algorithm_HW<1296,864>/getMaxLine/core/sin_out#1:rsc
      Memory Component: RAM_dualRW                   Size:         180 x 27
      External:         false                        Packing Mode: absolute
      Memory Map:
      Variable                                                Indices Phys Memory Address       
      ------------------------------------------------------- ------- -------------------------
      /Hough_Algorithm_HW<1296,864>/getMaxLine/core/sin_out#1    0:26 000000b3-00000000 (179-0) 
      
    Resource Name: /Hough_Algorithm_HW<1296,864>/getMaxLine/x1:rsc
      Memory Component: ccs_out_wait                 Size:         1 x 11
      External:         true                         Packing Mode: sidebyside
      Memory Map:
      Variable                                    Indices Phys Memory Address     
      ------------------------------------------- ------- -----------------------
      /Hough_Algorithm_HW<1296,864>/getMaxLine/x1    0:10 00000000-00000000 (0-0) 
      
    Resource Name: /Hough_Algorithm_HW<1296,864>/getMaxLine/y1:rsc
      Memory Component: ccs_out_wait                 Size:         1 x 10
      External:         true                         Packing Mode: sidebyside
      Memory Map:
      Variable                                    Indices Phys Memory Address     
      ------------------------------------------- ------- -----------------------
      /Hough_Algorithm_HW<1296,864>/getMaxLine/y1     0:9 00000000-00000000 (0-0) 
      
    Resource Name: /Hough_Algorithm_HW<1296,864>/getMaxLine/x2:rsc
      Memory Component: ccs_out_wait                 Size:         1 x 11
      External:         true                         Packing Mode: sidebyside
      Memory Map:
      Variable                                    Indices Phys Memory Address     
      ------------------------------------------- ------- -----------------------
      /Hough_Algorithm_HW<1296,864>/getMaxLine/x2    0:10 00000000-00000000 (0-0) 
      
    Resource Name: /Hough_Algorithm_HW<1296,864>/getMaxLine/y2:rsc
      Memory Component: ccs_out_wait                 Size:         1 x 10
      External:         true                         Packing Mode: sidebyside
      Memory Map:
      Variable                                    Indices Phys Memory Address     
      ------------------------------------------- ------- -----------------------
      /Hough_Algorithm_HW<1296,864>/getMaxLine/y2     0:9 00000000-00000000 (0-0) 
      
    Resource Name: /Hough_Algorithm_HW<1296,864>/getMaxLine/acc:rsc
      Memory Component: ccs_in_wait                  Size:         1 x 16
      External:         true                         Packing Mode: sidebyside
      Memory Map:
      Variable                                     Indices Phys Memory Address     
      -------------------------------------------- ------- -----------------------
      /Hough_Algorithm_HW<1296,864>/getMaxLine/acc    0:15 00000000-00000000 (0-0) 
      
    Resource Name: /Hough_Algorithm_HW<1296,864>/getMaxLine/ac_math::atan_pi_pow2_table.rom:rsc
      Memory Component: mgc_rom                      Size:         70 x 32
      External:         false                        Packing Mode: absolute
      Memory Map:
      Variable                                                                 Indices Phys Memory Address      
      ------------------------------------------------------------------------ ------- ------------------------
      /Hough_Algorithm_HW<1296,864>/getMaxLine/ac_math::atan_pi_pow2_table.rom    0:31 00000045-00000000 (69-0) 
      
    Resource Name: /Hough_Algorithm_HW<1296,864>/data_in:rsc
      Memory Component: ccs_in_wait                  Size:         1 x 8
      External:         true                         Packing Mode: sidebyside
      Memory Map:
      Variable                              Indices Phys Memory Address     
      ------------------------------------- ------- -----------------------
      /Hough_Algorithm_HW<1296,864>/data_in     0:7 00000000-00000000 (0-0) 
      
    Resource Name: /Hough_Algorithm_HW<1296,864>/widthIn:rsc
      Memory Component: ccs_in                       Size:         1 x 11
      External:         true                         Packing Mode: sidebyside
      Memory Map:
      Variable                              Indices Phys Memory Address     
      ------------------------------------- ------- -----------------------
      /Hough_Algorithm_HW<1296,864>/widthIn    0:10 00000000-00000000 (0-0) 
      
    Resource Name: /Hough_Algorithm_HW<1296,864>/heightIn:rsc
      Memory Component: ccs_in                       Size:         1 x 10
      External:         true                         Packing Mode: sidebyside
      Memory Map:
      Variable                               Indices Phys Memory Address     
      -------------------------------------- ------- -----------------------
      /Hough_Algorithm_HW<1296,864>/heightIn     0:9 00000000-00000000 (0-0) 
      
    Resource Name: /Hough_Algorithm_HW<1296,864>/x1:rsc
      Memory Component: ccs_out_wait                 Size:         1 x 11
      External:         true                         Packing Mode: sidebyside
      Memory Map:
      Variable                         Indices Phys Memory Address     
      -------------------------------- ------- -----------------------
      /Hough_Algorithm_HW<1296,864>/x1    0:10 00000000-00000000 (0-0) 
      
    Resource Name: /Hough_Algorithm_HW<1296,864>/y1:rsc
      Memory Component: ccs_out_wait                 Size:         1 x 10
      External:         true                         Packing Mode: sidebyside
      Memory Map:
      Variable                         Indices Phys Memory Address     
      -------------------------------- ------- -----------------------
      /Hough_Algorithm_HW<1296,864>/y1     0:9 00000000-00000000 (0-0) 
      
    Resource Name: /Hough_Algorithm_HW<1296,864>/x2:rsc
      Memory Component: ccs_out_wait                 Size:         1 x 11
      External:         true                         Packing Mode: sidebyside
      Memory Map:
      Variable                         Indices Phys Memory Address     
      -------------------------------- ------- -----------------------
      /Hough_Algorithm_HW<1296,864>/x2    0:10 00000000-00000000 (0-0) 
      
    Resource Name: /Hough_Algorithm_HW<1296,864>/y2:rsc
      Memory Component: ccs_out_wait                 Size:         1 x 10
      External:         true                         Packing Mode: sidebyside
      Memory Map:
      Variable                         Indices Phys Memory Address     
      -------------------------------- ------- -----------------------
      /Hough_Algorithm_HW<1296,864>/y2     0:9 00000000-00000000 (0-0) 
      
    Resource Name: /Hough_Algorithm_HW<1296,864>/acc:cns
      Memory Component: ccs_pipe                     Size:         1 x 16
      External:         false                        Packing Mode: sidebyside
      Memory Map:
      Variable                          Indices Phys Memory Address     
      --------------------------------- ------- -----------------------
      /Hough_Algorithm_HW<1296,864>/acc    0:15 00000000-00000000 (0-0) 
      
  C++ to Interface Mappings
    C++ Field Interface Range Range Expression Expression Limits 
    --------- --------------- ---------------- -----------------
    
  Multi-Cycle (Combinational) Component Usage
    Instance Component Name Delay 
    -------- -------------- -----
    
  Loops
    Process                                           Loop                                                                                              Iterations C-Steps Total Cycles   Duration  Unroll Init Comments 
    ------------------------------------------------- ------------------------------------------------------------------------------------------------- ---------- ------- ------------- ---------- ------ ---- --------
    /Hough_Algorithm_HW<1296,864>/houghTransform/core core:rlp                                                                                            Infinite       1  212443240 ?  212.44 ms                       
    /Hough_Algorithm_HW<1296,864>/houghTransform/core  main                                                                                               Infinite       2  212443239 ?  212.44 ms                       
    /Hough_Algorithm_HW<1296,864>/houghTransform/core   acc_tmp:vinit                                                                                       400000       1       400000  400.00 us                       
    /Hough_Algorithm_HW<1296,864>/houghTransform/core   for#1                                                                                                   45      15        10755   10.76 us       4               
    /Hough_Algorithm_HW<1296,864>/houghTransform/core    for#1-1:ac_math::ac_sincos_cordic<52,10,AC_TRN,AC_WRAP,27,3,AC_TRN,AC_WRAP>:for                        28       2           56   56.00 ns                       
    /Hough_Algorithm_HW<1296,864>/houghTransform/core    for#1-2:ac_math::ac_sincos_cordic<52,10,AC_TRN,AC_WRAP,27,3,AC_TRN,AC_WRAP>:for                        28       2           56   56.00 ns                       
    /Hough_Algorithm_HW<1296,864>/houghTransform/core    for#1-3:ac_math::ac_sincos_cordic<52,10,AC_TRN,AC_WRAP,27,3,AC_TRN,AC_WRAP>:for                        28       2           56   56.00 ns                       
    /Hough_Algorithm_HW<1296,864>/houghTransform/core    for#1-4:ac_math::ac_sincos_cordic<52,10,AC_TRN,AC_WRAP,27,3,AC_TRN,AC_WRAP>:for                        28       2           56   56.00 ns                       
    /Hough_Algorithm_HW<1296,864>/houghTransform/core   HROW                                                                                                   864       1  211632480 ?  211.63 ms                       
    /Hough_Algorithm_HW<1296,864>/houghTransform/core    HCOL                                                                                                 1296       2     244944 ?  244.94 us                       
    /Hough_Algorithm_HW<1296,864>/houghTransform/core     HACC                                                                                                 180       8          187  187.00 ns            1          
    /Hough_Algorithm_HW<1296,864>/houghTransform/core   WRITE                                                                                               400000       3       400002  400.00 us            1          
    /Hough_Algorithm_HW<1296,864>/getMaxLine/core     core:rlp                                                                                            Infinite       0     61672894   61.67 ms                       
    /Hough_Algorithm_HW<1296,864>/getMaxLine/core      main                                                                                               Infinite       2     61672894   61.67 ms                       
    /Hough_Algorithm_HW<1296,864>/getMaxLine/core       for                                                                                                    180       5         5940    5.94 us                       
    /Hough_Algorithm_HW<1296,864>/getMaxLine/core        ac_math::ac_sincos_cordic<52,10,AC_TRN,AC_WRAP,27,3,AC_TRN,AC_WRAP>:for                                28       1           28   28.00 ns            1          
    /Hough_Algorithm_HW<1296,864>/getMaxLine/core       R_LINE                                                                                                1832       1     61666952   61.67 ms                       
    /Hough_Algorithm_HW<1296,864>/getMaxLine/core        T_LINE                                                                                                 45      44        33660   33.66 us       4               
    /Hough_Algorithm_HW<1296,864>/getMaxLine/core         T_LINE-1:ac_math::ac_div<20,15,AC_TRN,AC_WRAP,27,3,AC_TRN,AC_WRAP,20,15,AC_TRN,AC_WRAP>#1:for         44       1           44   44.00 ns            1          
    /Hough_Algorithm_HW<1296,864>/getMaxLine/core         T_LINE-1:ac_math::ac_div<20,15,AC_TRN,AC_WRAP,27,3,AC_TRN,AC_WRAP,20,15,AC_TRN,AC_WRAP>#3:for         44       1           44   44.00 ns            1          
    /Hough_Algorithm_HW<1296,864>/getMaxLine/core         T_LINE-1:ac_math::ac_div<20,15,AC_TRN,AC_WRAP,27,3,AC_TRN,AC_WRAP,20,15,AC_TRN,AC_WRAP>#5:for         44       1           44   44.00 ns            1          
    /Hough_Algorithm_HW<1296,864>/getMaxLine/core         T_LINE-1:ac_math::ac_div<20,15,AC_TRN,AC_WRAP,27,3,AC_TRN,AC_WRAP,20,15,AC_TRN,AC_WRAP>#7:for         44       1           44   44.00 ns            1          
    /Hough_Algorithm_HW<1296,864>/getMaxLine/core         T_LINE-2:ac_math::ac_div<20,15,AC_TRN,AC_WRAP,27,3,AC_TRN,AC_WRAP,20,15,AC_TRN,AC_WRAP>#1:for         44       1           44   44.00 ns            1          
    /Hough_Algorithm_HW<1296,864>/getMaxLine/core         T_LINE-2:ac_math::ac_div<20,15,AC_TRN,AC_WRAP,27,3,AC_TRN,AC_WRAP,20,15,AC_TRN,AC_WRAP>#3:for         44       1           44   44.00 ns            1          
    /Hough_Algorithm_HW<1296,864>/getMaxLine/core         T_LINE-2:ac_math::ac_div<20,15,AC_TRN,AC_WRAP,27,3,AC_TRN,AC_WRAP,20,15,AC_TRN,AC_WRAP>#5:for         44       1           44   44.00 ns            1          
    /Hough_Algorithm_HW<1296,864>/getMaxLine/core         T_LINE-2:ac_math::ac_div<20,15,AC_TRN,AC_WRAP,27,3,AC_TRN,AC_WRAP,20,15,AC_TRN,AC_WRAP>#7:for         44       1           44   44.00 ns            1          
    /Hough_Algorithm_HW<1296,864>/getMaxLine/core         T_LINE-3:ac_math::ac_div<20,15,AC_TRN,AC_WRAP,27,3,AC_TRN,AC_WRAP,20,15,AC_TRN,AC_WRAP>#1:for         44       1           44   44.00 ns            1          
    /Hough_Algorithm_HW<1296,864>/getMaxLine/core         T_LINE-3:ac_math::ac_div<20,15,AC_TRN,AC_WRAP,27,3,AC_TRN,AC_WRAP,20,15,AC_TRN,AC_WRAP>#3:for         44       1           44   44.00 ns            1          
    /Hough_Algorithm_HW<1296,864>/getMaxLine/core         T_LINE-3:ac_math::ac_div<20,15,AC_TRN,AC_WRAP,27,3,AC_TRN,AC_WRAP,20,15,AC_TRN,AC_WRAP>#5:for         44       1           44   44.00 ns            1          
    /Hough_Algorithm_HW<1296,864>/getMaxLine/core         T_LINE-3:ac_math::ac_div<20,15,AC_TRN,AC_WRAP,27,3,AC_TRN,AC_WRAP,20,15,AC_TRN,AC_WRAP>#7:for         44       1           44   44.00 ns            1          
    /Hough_Algorithm_HW<1296,864>/getMaxLine/core         T_LINE-4:ac_math::ac_div<20,15,AC_TRN,AC_WRAP,27,3,AC_TRN,AC_WRAP,20,15,AC_TRN,AC_WRAP>#1:for         44       1           44   44.00 ns            1          
    /Hough_Algorithm_HW<1296,864>/getMaxLine/core         T_LINE-4:ac_math::ac_div<20,15,AC_TRN,AC_WRAP,27,3,AC_TRN,AC_WRAP,20,15,AC_TRN,AC_WRAP>#3:for         44       1           44   44.00 ns            1          
    /Hough_Algorithm_HW<1296,864>/getMaxLine/core         T_LINE-4:ac_math::ac_div<20,15,AC_TRN,AC_WRAP,27,3,AC_TRN,AC_WRAP,20,15,AC_TRN,AC_WRAP>#5:for         44       1           44   44.00 ns            1          
    /Hough_Algorithm_HW<1296,864>/getMaxLine/core         T_LINE-4:ac_math::ac_div<20,15,AC_TRN,AC_WRAP,27,3,AC_TRN,AC_WRAP,20,15,AC_TRN,AC_WRAP>#7:for         44       1           44   44.00 ns            1          
    
  Loop Execution Profile
    Process                                           Loop                                                                                              Total Cycles % of Overall Design Cycles Throughput Cycles Comments 
    ------------------------------------------------- ------------------------------------------------------------------------------------------------- ------------ -------------------------- ----------------- --------
    /Hough_Algorithm_HW<1296,864>/houghTransform/core core:rlp                                                                                                  1 ?                        0.00      212443239 ?           
    /Hough_Algorithm_HW<1296,864>/houghTransform/core  main                                                                                                     2 ?                        0.00      212443239 ?           
    /Hough_Algorithm_HW<1296,864>/houghTransform/core   acc_tmp:vinit                                                                                        400000                        0.19           400000           
    /Hough_Algorithm_HW<1296,864>/houghTransform/core   for#1                                                                                                   675                        0.00            10755           
    /Hough_Algorithm_HW<1296,864>/houghTransform/core    for#1-1:ac_math::ac_sincos_cordic<52,10,AC_TRN,AC_WRAP,27,3,AC_TRN,AC_WRAP>:for                       2520                        0.00             2520           
    /Hough_Algorithm_HW<1296,864>/houghTransform/core    for#1-2:ac_math::ac_sincos_cordic<52,10,AC_TRN,AC_WRAP,27,3,AC_TRN,AC_WRAP>:for                       2520                        0.00             2520           
    /Hough_Algorithm_HW<1296,864>/houghTransform/core    for#1-3:ac_math::ac_sincos_cordic<52,10,AC_TRN,AC_WRAP,27,3,AC_TRN,AC_WRAP>:for                       2520                        0.00             2520           
    /Hough_Algorithm_HW<1296,864>/houghTransform/core    for#1-4:ac_math::ac_sincos_cordic<52,10,AC_TRN,AC_WRAP,27,3,AC_TRN,AC_WRAP>:for                       2520                        0.00             2520           
    /Hough_Algorithm_HW<1296,864>/houghTransform/core   HROW                                                                                                  864 ?                        0.00      211632480 ?           
    /Hough_Algorithm_HW<1296,864>/houghTransform/core    HCOL                                                                                             2239488 ?                        1.05      211631616 ?           
    /Hough_Algorithm_HW<1296,864>/houghTransform/core     HACC                                                                                            209392128                       98.56                1           
    /Hough_Algorithm_HW<1296,864>/houghTransform/core   WRITE                                                                                                400002                        0.19                1           
    /Hough_Algorithm_HW<1296,864>/getMaxLine/core     core:rlp                                                                                                    0                        0.00         61672894           
    /Hough_Algorithm_HW<1296,864>/getMaxLine/core      main                                                                                                       2                        0.00         61672894           
    /Hough_Algorithm_HW<1296,864>/getMaxLine/core       for                                                                                                     900                        0.00             5940           
    /Hough_Algorithm_HW<1296,864>/getMaxLine/core        ac_math::ac_sincos_cordic<52,10,AC_TRN,AC_WRAP,27,3,AC_TRN,AC_WRAP>:for                               5040                        0.01                1           
    /Hough_Algorithm_HW<1296,864>/getMaxLine/core       R_LINE                                                                                                 1832                        0.00         61666952           
    /Hough_Algorithm_HW<1296,864>/getMaxLine/core        T_LINE                                                                                             3627360                        5.88         61665120           
    /Hough_Algorithm_HW<1296,864>/getMaxLine/core         T_LINE-1:ac_math::ac_div<20,15,AC_TRN,AC_WRAP,27,3,AC_TRN,AC_WRAP,20,15,AC_TRN,AC_WRAP>#1:for     3627360                        5.88                1           
    /Hough_Algorithm_HW<1296,864>/getMaxLine/core         T_LINE-1:ac_math::ac_div<20,15,AC_TRN,AC_WRAP,27,3,AC_TRN,AC_WRAP,20,15,AC_TRN,AC_WRAP>#3:for     3627360                        5.88                1           
    /Hough_Algorithm_HW<1296,864>/getMaxLine/core         T_LINE-1:ac_math::ac_div<20,15,AC_TRN,AC_WRAP,27,3,AC_TRN,AC_WRAP,20,15,AC_TRN,AC_WRAP>#5:for     3627360                        5.88                1           
    /Hough_Algorithm_HW<1296,864>/getMaxLine/core         T_LINE-1:ac_math::ac_div<20,15,AC_TRN,AC_WRAP,27,3,AC_TRN,AC_WRAP,20,15,AC_TRN,AC_WRAP>#7:for     3627360                        5.88                1           
    /Hough_Algorithm_HW<1296,864>/getMaxLine/core         T_LINE-2:ac_math::ac_div<20,15,AC_TRN,AC_WRAP,27,3,AC_TRN,AC_WRAP,20,15,AC_TRN,AC_WRAP>#1:for     3627360                        5.88                1           
    /Hough_Algorithm_HW<1296,864>/getMaxLine/core         T_LINE-2:ac_math::ac_div<20,15,AC_TRN,AC_WRAP,27,3,AC_TRN,AC_WRAP,20,15,AC_TRN,AC_WRAP>#3:for     3627360                        5.88                1           
    /Hough_Algorithm_HW<1296,864>/getMaxLine/core         T_LINE-2:ac_math::ac_div<20,15,AC_TRN,AC_WRAP,27,3,AC_TRN,AC_WRAP,20,15,AC_TRN,AC_WRAP>#5:for     3627360                        5.88                1           
    /Hough_Algorithm_HW<1296,864>/getMaxLine/core         T_LINE-2:ac_math::ac_div<20,15,AC_TRN,AC_WRAP,27,3,AC_TRN,AC_WRAP,20,15,AC_TRN,AC_WRAP>#7:for     3627360                        5.88                1           
    /Hough_Algorithm_HW<1296,864>/getMaxLine/core         T_LINE-3:ac_math::ac_div<20,15,AC_TRN,AC_WRAP,27,3,AC_TRN,AC_WRAP,20,15,AC_TRN,AC_WRAP>#1:for     3627360                        5.88                1           
    /Hough_Algorithm_HW<1296,864>/getMaxLine/core         T_LINE-3:ac_math::ac_div<20,15,AC_TRN,AC_WRAP,27,3,AC_TRN,AC_WRAP,20,15,AC_TRN,AC_WRAP>#3:for     3627360                        5.88                1           
    /Hough_Algorithm_HW<1296,864>/getMaxLine/core         T_LINE-3:ac_math::ac_div<20,15,AC_TRN,AC_WRAP,27,3,AC_TRN,AC_WRAP,20,15,AC_TRN,AC_WRAP>#5:for     3627360                        5.88                1           
    /Hough_Algorithm_HW<1296,864>/getMaxLine/core         T_LINE-3:ac_math::ac_div<20,15,AC_TRN,AC_WRAP,27,3,AC_TRN,AC_WRAP,20,15,AC_TRN,AC_WRAP>#7:for     3627360                        5.88                1           
    /Hough_Algorithm_HW<1296,864>/getMaxLine/core         T_LINE-4:ac_math::ac_div<20,15,AC_TRN,AC_WRAP,27,3,AC_TRN,AC_WRAP,20,15,AC_TRN,AC_WRAP>#1:for     3627360                        5.88                1           
    /Hough_Algorithm_HW<1296,864>/getMaxLine/core         T_LINE-4:ac_math::ac_div<20,15,AC_TRN,AC_WRAP,27,3,AC_TRN,AC_WRAP,20,15,AC_TRN,AC_WRAP>#3:for     3627360                        5.88                1           
    /Hough_Algorithm_HW<1296,864>/getMaxLine/core         T_LINE-4:ac_math::ac_div<20,15,AC_TRN,AC_WRAP,27,3,AC_TRN,AC_WRAP,20,15,AC_TRN,AC_WRAP>#5:for     3627360                        5.88                1           
    /Hough_Algorithm_HW<1296,864>/getMaxLine/core         T_LINE-4:ac_math::ac_div<20,15,AC_TRN,AC_WRAP,27,3,AC_TRN,AC_WRAP,20,15,AC_TRN,AC_WRAP>#7:for     3627360                        5.88                1           
    
  End of Report
