-- Catapult Ultra Synthesis: Report                                              
-- ------------------------- ---------------------------------------------------
-- Version:                  10.5a/871028 Production Release                     
-- Build Date:               Tue Apr 14 07:55:32 PDT 2020                        
                                                                                 
-- Generated by:             user2@edatools.ee.duth.gr                           
-- Generated date:           Wed Jul 07 19:05:30 EEST 2021                       

Solution Settings: Hough_Algorithm_HW<1296,864>.v9
  Current state: schedule
  Project: Catapult
  
  Design Input Files Specified
    $PROJECT_HOME/hough/Hough_tb.cpp
      $PROJECT_HOME/include/HoughHW.h
        $MGC_HOME/shared/include/ac_fixed.h
          $MGC_HOME/shared/include/ac_int.h
        $MGC_HOME/shared/include/ac_channel.h
        $MGC_HOME/shared/include/ac_math/ac_sincos_cordic.h
        $MGC_HOME/shared/include/ac_math/ac_div.h
          $MGC_HOME/shared/include/ac_float.h
          $MGC_HOME/shared/include/ac_complex.h
          $MGC_HOME/shared/include/ac_math/ac_shift.h
        $MGC_HOME/shared/include/mc_scverify.h
      $PROJECT_HOME/include/bmp_io.hpp
  
  Processes/Blocks in Design
    Process                                           Real Operation(s) count     Latency  Throughput Reset Length II Comments 
    ------------------------------------------------- ----------------------- ----------- ----------- ------------ -- --------
    /Hough_Algorithm_HW<1296,864>/houghTransform/core                     102 14515722592 14515722594            1  0        ? 
    /Hough_Algorithm_HW<1296,864>/getMaxLine/core                         765    82771592    82771594            0  0          
    Design Total:                                                         867 14598494184 14515722594            1  0          
    
  Clock Information
    Clock Signal Edge   Period Sharing Alloc (%) Uncertainty Used by Processes/Blocks                                                                        
    ------------ ------ ------ ----------------- ----------- -----------------------------------------------------------------------------------------------
    clk          rising  1.000             20.00    0.000000 /Hough_Algorithm_HW<1296,864>/houghTransform/core /Hough_Algorithm_HW<1296,864>/getMaxLine/core 
    
  I/O Data Ranges
    Port                   Mode DeclType DeclWidth DeclRange ActType ActWidth ActRange 
    ---------------------- ---- -------- --------- --------- ------- -------- --------
    clk                    IN   Unsigned         1                                     
    rst                    IN   Unsigned         1                                     
    data_in:rsc.dat        IN   Unsigned         8                                     
    data_in:rsc.vld        IN   Unsigned         1                                     
    widthIn:rsc.dat        IN   Unsigned        11                                     
    heightIn:rsc.dat       IN   Unsigned        10                                     
    x1:rsc.rdy             IN   Unsigned         1                                     
    y1:rsc.rdy             IN   Unsigned         1                                     
    x2:rsc.rdy             IN   Unsigned         1                                     
    y2:rsc.rdy             IN   Unsigned         1                                     
    data_in:rsc.rdy        OUT  Unsigned         1                                     
    widthIn:rsc.triosy:lz  OUT  Unsigned         1                                     
    heightIn:rsc.triosy:lz OUT  Unsigned         1                                     
    x1:rsc.dat             OUT  Unsigned        11                                     
    x1:rsc.vld             OUT  Unsigned         1                                     
    y1:rsc.dat             OUT  Unsigned        10                                     
    y1:rsc.vld             OUT  Unsigned         1                                     
    x2:rsc.dat             OUT  Unsigned        11                                     
    x2:rsc.vld             OUT  Unsigned         1                                     
    y2:rsc.dat             OUT  Unsigned        10                                     
    y2:rsc.vld             OUT  Unsigned         1                                     
    
  Memory Resources
    Resource Name: /Hough_Algorithm_HW<1296,864>/houghTransform/core/acc_tmp:rsc
      Memory Component: RAM_dualRW                   Size:         400000 x 16
      External:         false                        Packing Mode: absolute
      Memory Map:
      Variable                                                  Indices Phys Memory Address          
      --------------------------------------------------------- ------- ----------------------------
      /Hough_Algorithm_HW<1296,864>/houghTransform/core/acc_tmp    0:15 00061a7f-00000000 (399999-0) 
      
    Resource Name: /Hough_Algorithm_HW<1296,864>/houghTransform/data_in:rsc
      Memory Component: ccs_in_wait                  Size:         1 x 8
      External:         true                         Packing Mode: sidebyside
      Memory Map:
      Variable                                             Indices Phys Memory Address     
      ---------------------------------------------------- ------- -----------------------
      /Hough_Algorithm_HW<1296,864>/houghTransform/data_in     0:7 00000000-00000000 (0-0) 
      
    Resource Name: /Hough_Algorithm_HW<1296,864>/houghTransform/widthIn:rsc
      Memory Component: ccs_in                       Size:         1 x 11
      External:         true                         Packing Mode: sidebyside
      Memory Map:
      Variable                                             Indices Phys Memory Address     
      ---------------------------------------------------- ------- -----------------------
      /Hough_Algorithm_HW<1296,864>/houghTransform/widthIn    0:10 00000000-00000000 (0-0) 
      
    Resource Name: /Hough_Algorithm_HW<1296,864>/houghTransform/heightIn:rsc
      Memory Component: ccs_in                       Size:         1 x 10
      External:         true                         Packing Mode: sidebyside
      Memory Map:
      Variable                                              Indices Phys Memory Address     
      ----------------------------------------------------- ------- -----------------------
      /Hough_Algorithm_HW<1296,864>/houghTransform/heightIn     0:9 00000000-00000000 (0-0) 
      
    Resource Name: /Hough_Algorithm_HW<1296,864>/houghTransform/acc:rsc
      Memory Component: ccs_out_wait                 Size:         1 x 16
      External:         true                         Packing Mode: sidebyside
      Memory Map:
      Variable                                         Indices Phys Memory Address     
      ------------------------------------------------ ------- -----------------------
      /Hough_Algorithm_HW<1296,864>/houghTransform/acc    0:15 00000000-00000000 (0-0) 
      
    Resource Name: /Hough_Algorithm_HW<1296,864>/houghTransform/ac_math::atan_pi_pow2_table.rom:rsc
      Memory Component: mgc_rom                      Size:         70 x 32
      External:         false                        Packing Mode: absolute
      Memory Map:
      Variable                                                                     Indices Phys Memory Address      
      ---------------------------------------------------------------------------- ------- ------------------------
      /Hough_Algorithm_HW<1296,864>/houghTransform/ac_math::atan_pi_pow2_table.rom    0:31 00000045-00000000 (69-0) 
      
    Resource Name: /Hough_Algorithm_HW<1296,864>/getMaxLine/x1:rsc
      Memory Component: ccs_out_wait                 Size:         1 x 11
      External:         true                         Packing Mode: sidebyside
      Memory Map:
      Variable                                    Indices Phys Memory Address     
      ------------------------------------------- ------- -----------------------
      /Hough_Algorithm_HW<1296,864>/getMaxLine/x1    0:10 00000000-00000000 (0-0) 
      
    Resource Name: /Hough_Algorithm_HW<1296,864>/getMaxLine/y1:rsc
      Memory Component: ccs_out_wait                 Size:         1 x 10
      External:         true                         Packing Mode: sidebyside
      Memory Map:
      Variable                                    Indices Phys Memory Address     
      ------------------------------------------- ------- -----------------------
      /Hough_Algorithm_HW<1296,864>/getMaxLine/y1     0:9 00000000-00000000 (0-0) 
      
    Resource Name: /Hough_Algorithm_HW<1296,864>/getMaxLine/x2:rsc
      Memory Component: ccs_out_wait                 Size:         1 x 11
      External:         true                         Packing Mode: sidebyside
      Memory Map:
      Variable                                    Indices Phys Memory Address     
      ------------------------------------------- ------- -----------------------
      /Hough_Algorithm_HW<1296,864>/getMaxLine/x2    0:10 00000000-00000000 (0-0) 
      
    Resource Name: /Hough_Algorithm_HW<1296,864>/getMaxLine/y2:rsc
      Memory Component: ccs_out_wait                 Size:         1 x 10
      External:         true                         Packing Mode: sidebyside
      Memory Map:
      Variable                                    Indices Phys Memory Address     
      ------------------------------------------- ------- -----------------------
      /Hough_Algorithm_HW<1296,864>/getMaxLine/y2     0:9 00000000-00000000 (0-0) 
      
    Resource Name: /Hough_Algorithm_HW<1296,864>/getMaxLine/acc:rsc
      Memory Component: ccs_in_wait                  Size:         1 x 16
      External:         true                         Packing Mode: sidebyside
      Memory Map:
      Variable                                     Indices Phys Memory Address     
      -------------------------------------------- ------- -----------------------
      /Hough_Algorithm_HW<1296,864>/getMaxLine/acc    0:15 00000000-00000000 (0-0) 
      
    Resource Name: /Hough_Algorithm_HW<1296,864>/getMaxLine/ac_math::atan_pi_pow2_table.rom:rsc
      Memory Component: mgc_rom                      Size:         70 x 32
      External:         false                        Packing Mode: absolute
      Memory Map:
      Variable                                                                 Indices Phys Memory Address      
      ------------------------------------------------------------------------ ------- ------------------------
      /Hough_Algorithm_HW<1296,864>/getMaxLine/ac_math::atan_pi_pow2_table.rom    0:31 00000045-00000000 (69-0) 
      
    Resource Name: /Hough_Algorithm_HW<1296,864>/data_in:rsc
      Memory Component: ccs_in_wait                  Size:         1 x 8
      External:         true                         Packing Mode: sidebyside
      Memory Map:
      Variable                              Indices Phys Memory Address     
      ------------------------------------- ------- -----------------------
      /Hough_Algorithm_HW<1296,864>/data_in     0:7 00000000-00000000 (0-0) 
      
    Resource Name: /Hough_Algorithm_HW<1296,864>/widthIn:rsc
      Memory Component: ccs_in                       Size:         1 x 11
      External:         true                         Packing Mode: sidebyside
      Memory Map:
      Variable                              Indices Phys Memory Address     
      ------------------------------------- ------- -----------------------
      /Hough_Algorithm_HW<1296,864>/widthIn    0:10 00000000-00000000 (0-0) 
      
    Resource Name: /Hough_Algorithm_HW<1296,864>/heightIn:rsc
      Memory Component: ccs_in                       Size:         1 x 10
      External:         true                         Packing Mode: sidebyside
      Memory Map:
      Variable                               Indices Phys Memory Address     
      -------------------------------------- ------- -----------------------
      /Hough_Algorithm_HW<1296,864>/heightIn     0:9 00000000-00000000 (0-0) 
      
    Resource Name: /Hough_Algorithm_HW<1296,864>/x1:rsc
      Memory Component: ccs_out_wait                 Size:         1 x 11
      External:         true                         Packing Mode: sidebyside
      Memory Map:
      Variable                         Indices Phys Memory Address     
      -------------------------------- ------- -----------------------
      /Hough_Algorithm_HW<1296,864>/x1    0:10 00000000-00000000 (0-0) 
      
    Resource Name: /Hough_Algorithm_HW<1296,864>/y1:rsc
      Memory Component: ccs_out_wait                 Size:         1 x 10
      External:         true                         Packing Mode: sidebyside
      Memory Map:
      Variable                         Indices Phys Memory Address     
      -------------------------------- ------- -----------------------
      /Hough_Algorithm_HW<1296,864>/y1     0:9 00000000-00000000 (0-0) 
      
    Resource Name: /Hough_Algorithm_HW<1296,864>/x2:rsc
      Memory Component: ccs_out_wait                 Size:         1 x 11
      External:         true                         Packing Mode: sidebyside
      Memory Map:
      Variable                         Indices Phys Memory Address     
      -------------------------------- ------- -----------------------
      /Hough_Algorithm_HW<1296,864>/x2    0:10 00000000-00000000 (0-0) 
      
    Resource Name: /Hough_Algorithm_HW<1296,864>/y2:rsc
      Memory Component: ccs_out_wait                 Size:         1 x 10
      External:         true                         Packing Mode: sidebyside
      Memory Map:
      Variable                         Indices Phys Memory Address     
      -------------------------------- ------- -----------------------
      /Hough_Algorithm_HW<1296,864>/y2     0:9 00000000-00000000 (0-0) 
      
    Resource Name: /Hough_Algorithm_HW<1296,864>/acc:cns
      Memory Component: ccs_pipe                     Size:         1 x 16
      External:         false                        Packing Mode: sidebyside
      Memory Map:
      Variable                          Indices Phys Memory Address     
      --------------------------------- ------- -----------------------
      /Hough_Algorithm_HW<1296,864>/acc    0:15 00000000-00000000 (0-0) 
      
  C++ to Interface Mappings
    C++ Field Interface Range Range Expression Expression Limits 
    --------- --------------- ---------------- -----------------
    
  Multi-Cycle (Combinational) Component Usage
    Instance Component Name Delay 
    -------- -------------- -----
    
  Loops
    Process                                           Loop                                                                                     Iterations C-Steps  Total Cycles   Duration  Unroll Init Comments 
    ------------------------------------------------- ---------------------------------------------------------------------------------------- ---------- ------- -------------- ---------- ------ ---- --------
    /Hough_Algorithm_HW<1296,864>/houghTransform/core core:rlp                                                                                   Infinite       1 14515722595 ?  14.52 sec                       
    /Hough_Algorithm_HW<1296,864>/houghTransform/core  main                                                                                      Infinite       2 14515722594 ?  14.52 sec                       
    /Hough_Algorithm_HW<1296,864>/houghTransform/core   acc_tmp:vinit                                                                              400000       1        400000  400.00 us                       
    /Hough_Algorithm_HW<1296,864>/houghTransform/core   HROW                                                                                          864       1 14514122592 ?  14.51 sec                       
    /Hough_Algorithm_HW<1296,864>/houghTransform/core    HCOL                                                                                        1296       2    16798752 ?   16.80 ms                       
    /Hough_Algorithm_HW<1296,864>/houghTransform/core     HACC                                                                                        180      16         12960   12.96 us                       
    /Hough_Algorithm_HW<1296,864>/houghTransform/core      ac_math::ac_sincos_cordic<45,10,AC_TRN,AC_WRAP,27,3,AC_TRN,AC_WRAP>:for                     28       2            56   56.00 ns                       
    /Hough_Algorithm_HW<1296,864>/houghTransform/core   WRITE                                                                                      400000       3       1200000    1.20 ms                       
    /Hough_Algorithm_HW<1296,864>/getMaxLine/core     core:rlp                                                                                   Infinite       0      82771594   82.77 ms                       
    /Hough_Algorithm_HW<1296,864>/getMaxLine/core      main                                                                                      Infinite       2      82771594   82.77 ms                       
    /Hough_Algorithm_HW<1296,864>/getMaxLine/core       R_LINE                                                                                       1832       1      82771592   82.77 ms                       
    /Hough_Algorithm_HW<1296,864>/getMaxLine/core        T_LINE                                                                                       180      19         45180   45.18 us                       
    /Hough_Algorithm_HW<1296,864>/getMaxLine/core         ac_math::ac_sincos_cordic<45,10,AC_TRN,AC_WRAP,27,3,AC_TRN,AC_WRAP>:for                      28       2            56   56.00 ns                       
    /Hough_Algorithm_HW<1296,864>/getMaxLine/core         ac_math::ac_div<20,15,AC_TRN,AC_WRAP,27,3,AC_TRN,AC_WRAP,20,15,AC_TRN,AC_WRAP>#1:for         44       1            44   44.00 ns                       
    /Hough_Algorithm_HW<1296,864>/getMaxLine/core         ac_math::ac_div<20,15,AC_TRN,AC_WRAP,27,3,AC_TRN,AC_WRAP,20,15,AC_TRN,AC_WRAP>#3:for         44       1            44   44.00 ns                       
    /Hough_Algorithm_HW<1296,864>/getMaxLine/core         ac_math::ac_div<20,15,AC_TRN,AC_WRAP,27,3,AC_TRN,AC_WRAP,20,15,AC_TRN,AC_WRAP>#5:for         44       1            44   44.00 ns                       
    /Hough_Algorithm_HW<1296,864>/getMaxLine/core         ac_math::ac_div<20,15,AC_TRN,AC_WRAP,27,3,AC_TRN,AC_WRAP,20,15,AC_TRN,AC_WRAP>#7:for         44       1            44   44.00 ns                       
    
  Loop Execution Profile
    Process                                           Loop                                                                                     Total Cycles % of Overall Design Cycles Throughput Cycles Comments 
    ------------------------------------------------- ---------------------------------------------------------------------------------------- ------------ -------------------------- ----------------- --------
    /Hough_Algorithm_HW<1296,864>/houghTransform/core core:rlp                                                                                         1 ?                        0.00    14515722594 ?           
    /Hough_Algorithm_HW<1296,864>/houghTransform/core  main                                                                                            2 ?                        0.00    14515722594 ?           
    /Hough_Algorithm_HW<1296,864>/houghTransform/core   acc_tmp:vinit                                                                               400000                        0.00           400000           
    /Hough_Algorithm_HW<1296,864>/houghTransform/core   HROW                                                                                         864 ?                        0.00    14514122592 ?           
    /Hough_Algorithm_HW<1296,864>/houghTransform/core    HCOL                                                                                    2239488 ?                        0.02    14514121728 ?           
    /Hough_Algorithm_HW<1296,864>/houghTransform/core     HACC                                                                                  3224862720                       22.22      14511882240           
    /Hough_Algorithm_HW<1296,864>/houghTransform/core      ac_math::ac_sincos_cordic<45,10,AC_TRN,AC_WRAP,27,3,AC_TRN,AC_WRAP>:for             11287019520                       77.76      11287019520           
    /Hough_Algorithm_HW<1296,864>/houghTransform/core   WRITE                                                                                      1200000                        0.01          1200000           
    /Hough_Algorithm_HW<1296,864>/getMaxLine/core     core:rlp                                                                                           0                        0.00         82771594           
    /Hough_Algorithm_HW<1296,864>/getMaxLine/core      main                                                                                              2                        0.00         82771594           
    /Hough_Algorithm_HW<1296,864>/getMaxLine/core       R_LINE                                                                                        1832                        0.00         82771592           
    /Hough_Algorithm_HW<1296,864>/getMaxLine/core        T_LINE                                                                                    6265440                        7.57         82769760           
    /Hough_Algorithm_HW<1296,864>/getMaxLine/core         ac_math::ac_sincos_cordic<45,10,AC_TRN,AC_WRAP,27,3,AC_TRN,AC_WRAP>:for                 18466560                       22.31         18466560           
    /Hough_Algorithm_HW<1296,864>/getMaxLine/core         ac_math::ac_div<20,15,AC_TRN,AC_WRAP,27,3,AC_TRN,AC_WRAP,20,15,AC_TRN,AC_WRAP>#1:for    14509440                       17.53         14509440           
    /Hough_Algorithm_HW<1296,864>/getMaxLine/core         ac_math::ac_div<20,15,AC_TRN,AC_WRAP,27,3,AC_TRN,AC_WRAP,20,15,AC_TRN,AC_WRAP>#3:for    14509440                       17.53         14509440           
    /Hough_Algorithm_HW<1296,864>/getMaxLine/core         ac_math::ac_div<20,15,AC_TRN,AC_WRAP,27,3,AC_TRN,AC_WRAP,20,15,AC_TRN,AC_WRAP>#5:for    14509440                       17.53         14509440           
    /Hough_Algorithm_HW<1296,864>/getMaxLine/core         ac_math::ac_div<20,15,AC_TRN,AC_WRAP,27,3,AC_TRN,AC_WRAP,20,15,AC_TRN,AC_WRAP>#7:for    14509440                       17.53         14509440           
    
  End of Report
